#-----------------------------------------------------------
# Vivado v2018.2 (64-bit)
# SW Build 2258646 on Thu Jun 14 20:03:12 MDT 2018
# IP Build 2256618 on Thu Jun 14 22:10:49 MDT 2018
# Start of session at: Fri Jan 20 20:01:07 2023
# Process ID: 17480
# Current directory: D:/RTL CODES/JK FLIPFLOP
# Command line: vivado.exe -gui_launcher_event rodinguilauncherevent1604 D:\RTL CODES\JK FLIPFLOP\JK FLIPFLOP.xpr
# Log file: D:/RTL CODES/JK FLIPFLOP/vivado.log
# Journal file: D:/RTL CODES/JK FLIPFLOP\vivado.jou
#-----------------------------------------------------------
start_gui
open_project {D:/RTL CODES/JK FLIPFLOP/JK FLIPFLOP.xpr}
Scanning sources...
Finished scanning sources
INFO: [IP_Flow 19-234] Refreshing IP repositories
INFO: [IP_Flow 19-1704] No user IP repositories specified
INFO: [IP_Flow 19-2313] Loaded Vivado IP repository 'D:/XILINX/Vivado/2018.2/data/ip'.
open_project: Time (s): cpu = 00:00:25 ; elapsed = 00:00:18 . Memory (MB): peak = 849.016 ; gain = 118.047
update_compile_order -fileset sources_1
exit
INFO: [Common 17-206] Exiting Vivado at Fri Jan 20 20:06:29 2023...
