#-----------------------------------------------------------
# Vivado v2018.2 (64-bit)
# SW Build 2258646 on Thu Jun 14 20:03:12 MDT 2018
# IP Build 2256618 on Thu Jun 14 22:10:49 MDT 2018
# Start of session at: Thu Jan  5 23:53:33 2023
# Process ID: 21036
# Current directory: D:/RTL CODES/FULL ADDER_HA
# Command line: vivado.exe -gui_launcher_event rodinguilauncherevent19436 D:\RTL CODES\FULL ADDER_HA\FULL ADDER_HA.xpr
# Log file: D:/RTL CODES/FULL ADDER_HA/vivado.log
# Journal file: D:/RTL CODES/FULL ADDER_HA\vivado.jou
#-----------------------------------------------------------
start_gui
open_project {D:/RTL CODES/FULL ADDER_HA/FULL ADDER_HA.xpr}
Scanning sources...
Finished scanning sources
INFO: [IP_Flow 19-234] Refreshing IP repositories
INFO: [IP_Flow 19-1704] No user IP repositories specified
INFO: [IP_Flow 19-2313] Loaded Vivado IP repository 'D:/XILINX/Vivado/2018.2/data/ip'.
open_project: Time (s): cpu = 00:00:13 ; elapsed = 00:00:12 . Memory (MB): peak = 852.008 ; gain = 119.770
update_compile_order -fileset sources_1
exit
INFO: [Common 17-206] Exiting Vivado at Fri Jan  6 01:17:03 2023...
