#-----------------------------------------------------------
# Vivado v2018.3 (64-bit)
# SW Build 2405991 on Thu Dec  6 23:38:27 MST 2018
# IP Build 2404404 on Fri Dec  7 01:43:56 MST 2018
# Start of session at: Fri Feb 17 22:25:15 2023
# Process ID: 9600
# Current directory: D:/RTL CODES/FULL SUBSTRACTOR_HS
# Command line: vivado.exe -gui_launcher_event rodinguilauncherevent14648 D:\RTL CODES\FULL SUBSTRACTOR_HS\FULL SUBSTRACTOR_HS.xpr
# Log file: D:/RTL CODES/FULL SUBSTRACTOR_HS/vivado.log
# Journal file: D:/RTL CODES/FULL SUBSTRACTOR_HS\vivado.jou
#-----------------------------------------------------------
start_gui
open_project {D:/RTL CODES/FULL SUBSTRACTOR_HS/FULL SUBSTRACTOR_HS.xpr}
Scanning sources...
Finished scanning sources
INFO: [Project 1-230] Project 'FULL SUBSTRACTOR_HS.xpr' upgraded for this version of Vivado.
INFO: [IP_Flow 19-234] Refreshing IP repositories
INFO: [IP_Flow 19-1704] No user IP repositories specified
INFO: [IP_Flow 19-2313] Loaded Vivado IP repository 'D:/Xilinx/Vivado/2018.3/data/ip'.
open_project: Time (s): cpu = 00:00:15 ; elapsed = 00:00:24 . Memory (MB): peak = 728.129 ; gain = 128.031
update_compile_order -fileset sources_1
exit
INFO: [Common 17-206] Exiting Vivado at Fri Feb 17 23:19:45 2023...
